{"C:\\Users\\kesha\\.gemini\\antigravity\\scratch\\uncertainty\\src\\App.tsx": {"path":"C:\\Users\\kesha\\.gemini\\antigravity\\scratch\\uncertainty\\src\\App.tsx","statementMap":{"0":{"start":{"line":9,"column":2},"end":{"line":20,"column":null}}},"fnMap":{"0":{"name":"App","decl":{"start":{"line":8,"column":9},"end":{"line":8,"column":15}},"loc":{"start":{"line":8,"column":15},"end":{"line":22,"column":null}},"line":8}},"branchMap":{},"s":{"0":1},"f":{"0":1},"b":{},"meta":{"lastBranch":0,"lastFunction":1,"lastStatement":1,"seen":{"f:8:9:8:15":0,"s:9:2:20:Infinity":0}}}
,"C:\\Users\\kesha\\.gemini\\antigravity\\scratch\\uncertainty\\src\\components\\Layout.tsx": {"path":"C:\\Users\\kesha\\.gemini\\antigravity\\scratch\\uncertainty\\src\\components\\Layout.tsx","statementMap":{"0":{"start":{"line":6,"column":13},"end":{"line":42,"column":null}},"1":{"start":{"line":7,"column":2},"end":{"line":40,"column":null}},"2":{"start":{"line":15,"column":41},"end":{"line":15,"column":null}},"3":{"start":{"line":22,"column":41},"end":{"line":22,"column":null}},"4":{"start":{"line":29,"column":41},"end":{"line":29,"column":null}}},"fnMap":{"0":{"name":"(anonymous_0)","decl":{"start":{"line":6,"column":13},"end":{"line":6,"column":38}},"loc":{"start":{"line":6,"column":38},"end":{"line":42,"column":null}},"line":6},"1":{"name":"(anonymous_1)","decl":{"start":{"line":15,"column":12},"end":{"line":15,"column":24}},"loc":{"start":{"line":15,"column":41},"end":{"line":15,"column":null}},"line":15},"2":{"name":"(anonymous_2)","decl":{"start":{"line":22,"column":12},"end":{"line":22,"column":24}},"loc":{"start":{"line":22,"column":41},"end":{"line":22,"column":null}},"line":22},"3":{"name":"(anonymous_3)","decl":{"start":{"line":29,"column":12},"end":{"line":29,"column":24}},"loc":{"start":{"line":29,"column":41},"end":{"line":29,"column":null}},"line":29}},"branchMap":{"0":{"loc":{"start":{"line":15,"column":53},"end":{"line":15,"column":null}},"type":"cond-expr","locations":[{"start":{"line":15,"column":64},"end":{"line":15,"column":75}},{"start":{"line":15,"column":75},"end":{"line":15,"column":null}}],"line":15},"1":{"loc":{"start":{"line":22,"column":53},"end":{"line":22,"column":null}},"type":"cond-expr","locations":[{"start":{"line":22,"column":64},"end":{"line":22,"column":75}},{"start":{"line":22,"column":75},"end":{"line":22,"column":null}}],"line":22},"2":{"loc":{"start":{"line":29,"column":53},"end":{"line":29,"column":null}},"type":"cond-expr","locations":[{"start":{"line":29,"column":64},"end":{"line":29,"column":75}},{"start":{"line":29,"column":75},"end":{"line":29,"column":null}}],"line":29}},"s":{"0":2,"1":1,"2":1,"3":1,"4":1},"f":{"0":1,"1":1,"2":1,"3":1},"b":{"0":[0,1],"1":[0,1],"2":[0,1]},"meta":{"lastBranch":3,"lastFunction":4,"lastStatement":5,"seen":{"s:6:13:42:Infinity":0,"f:6:13:6:38":0,"s:7:2:40:Infinity":1,"f:15:12:15:24":1,"s:15:41:15:Infinity":2,"b:15:64:15:75:15:75:15:Infinity":0,"f:22:12:22:24":2,"s:22:41:22:Infinity":3,"b:22:64:22:75:22:75:22:Infinity":1,"f:29:12:29:24":3,"s:29:41:29:Infinity":4,"b:29:64:29:75:29:75:29:Infinity":2}}}
,"C:\\Users\\kesha\\.gemini\\antigravity\\scratch\\uncertainty\\src\\lib\\gemini.ts": {"path":"C:\\Users\\kesha\\.gemini\\antigravity\\scratch\\uncertainty\\src\\lib\\gemini.ts","statementMap":{"0":{"start":{"line":6,"column":15},"end":{"line":6,"column":null}},"1":{"start":{"line":9,"column":39},"end":{"line":43,"column":null}},"2":{"start":{"line":10,"column":2},"end":{"line":12,"column":null}},"3":{"start":{"line":11,"column":4},"end":{"line":11,"column":null}},"4":{"start":{"line":14,"column":2},"end":{"line":42,"column":null}},"5":{"start":{"line":15,"column":15},"end":{"line":15,"column":null}},"6":{"start":{"line":16,"column":19},"end":{"line":27,"column":null}},"7":{"start":{"line":33,"column":21},"end":{"line":36,"column":null}},"8":{"start":{"line":38,"column":4},"end":{"line":38,"column":null}},"9":{"start":{"line":40,"column":4},"end":{"line":40,"column":null}},"10":{"start":{"line":41,"column":4},"end":{"line":41,"column":null}}},"fnMap":{"0":{"name":"(anonymous_0)","decl":{"start":{"line":9,"column":39},"end":{"line":9,"column":46}},"loc":{"start":{"line":9,"column":102},"end":{"line":43,"column":null}},"line":9}},"branchMap":{"0":{"loc":{"start":{"line":10,"column":2},"end":{"line":12,"column":null}},"type":"if","locations":[{"start":{"line":10,"column":2},"end":{"line":12,"column":null}},{"start":{},"end":{}}],"line":10},"1":{"loc":{"start":{"line":38,"column":11},"end":{"line":38,"column":null}},"type":"binary-expr","locations":[{"start":{"line":38,"column":11},"end":{"line":38,"column":28}},{"start":{"line":38,"column":28},"end":{"line":38,"column":null}}],"line":38}},"s":{"0":6,"1":6,"2":6,"3":6,"4":0,"5":0,"6":0,"7":0,"8":0,"9":0,"10":0},"f":{"0":6},"b":{"0":[6,0],"1":[0,0]},"meta":{"lastBranch":2,"lastFunction":1,"lastStatement":11,"seen":{"s:6:15:6:Infinity":0,"s:9:39:43:Infinity":1,"f:9:39:9:46":0,"b:10:2:12:Infinity:undefined:undefined:undefined:undefined":0,"s:10:2:12:Infinity":2,"s:11:4:11:Infinity":3,"s:14:2:42:Infinity":4,"s:15:15:15:Infinity":5,"s:16:19:27:Infinity":6,"s:33:21:36:Infinity":7,"s:38:4:38:Infinity":8,"b:38:11:38:28:38:28:38:Infinity":1,"s:40:4:40:Infinity":9,"s:41:4:41:Infinity":10}}}
,"C:\\Users\\kesha\\.gemini\\antigravity\\scratch\\uncertainty\\src\\pages\\DailyReflection.tsx": {"path":"C:\\Users\\kesha\\.gemini\\antigravity\\scratch\\uncertainty\\src\\pages\\DailyReflection.tsx","statementMap":{"0":{"start":{"line":7,"column":18},"end":{"line":14,"column":null}},"1":{"start":{"line":16,"column":13},"end":{"line":81,"column":null}},"2":{"start":{"line":17,"column":21},"end":{"line":17,"column":null}},"3":{"start":{"line":18,"column":18},"end":{"line":18,"column":null}},"4":{"start":{"line":19,"column":8},"end":{"line":19,"column":null}},"5":{"start":{"line":19,"column":52},"end":{"line":19,"column":72}},"6":{"start":{"line":20,"column":8},"end":{"line":20,"column":null}},"7":{"start":{"line":22,"column":23},"end":{"line":34,"column":null}},"8":{"start":{"line":23,"column":16},"end":{"line":23,"column":null}},"9":{"start":{"line":24,"column":23},"end":{"line":24,"column":null}},"10":{"start":{"line":25,"column":4},"end":{"line":25,"column":null}},"11":{"start":{"line":27,"column":4},"end":{"line":33,"column":null}},"12":{"start":{"line":28,"column":6},"end":{"line":28,"column":null}},"13":{"start":{"line":28,"column":28},"end":{"line":28,"column":36}},"14":{"start":{"line":31,"column":6},"end":{"line":31,"column":null}},"15":{"start":{"line":32,"column":6},"end":{"line":32,"column":null}},"16":{"start":{"line":36,"column":19},"end":{"line":36,"column":null}},"17":{"start":{"line":37,"column":2},"end":{"line":37,"column":null}},"18":{"start":{"line":37,"column":17},"end":{"line":37,"column":null}},"19":{"start":{"line":39,"column":2},"end":{"line":79,"column":null}},"20":{"start":{"line":72,"column":60},"end":{"line":72,"column":77}},"21":{"start":{"line":73,"column":60},"end":{"line":73,"column":79}},"22":{"start":{"line":74,"column":60},"end":{"line":74,"column":77}}},"fnMap":{"0":{"name":"(anonymous_0)","decl":{"start":{"line":16,"column":13},"end":{"line":16,"column":47}},"loc":{"start":{"line":16,"column":47},"end":{"line":81,"column":null}},"line":16},"1":{"name":"(anonymous_1)","decl":{"start":{"line":19,"column":25},"end":{"line":19,"column":43}},"loc":{"start":{"line":19,"column":52},"end":{"line":19,"column":72}},"line":19},"2":{"name":"(anonymous_2)","decl":{"start":{"line":22,"column":23},"end":{"line":22,"column":30}},"loc":{"start":{"line":22,"column":48},"end":{"line":34,"column":null}},"line":22},"3":{"name":"(anonymous_3)","decl":{"start":{"line":28,"column":6},"end":{"line":28,"column":20}},"loc":{"start":{"line":28,"column":28},"end":{"line":28,"column":36}},"line":28},"4":{"name":"(anonymous_4)","decl":{"start":{"line":72,"column":45},"end":{"line":72,"column":60}},"loc":{"start":{"line":72,"column":60},"end":{"line":72,"column":77}},"line":72},"5":{"name":"(anonymous_5)","decl":{"start":{"line":73,"column":45},"end":{"line":73,"column":60}},"loc":{"start":{"line":73,"column":60},"end":{"line":73,"column":79}},"line":73},"6":{"name":"(anonymous_6)","decl":{"start":{"line":74,"column":45},"end":{"line":74,"column":60}},"loc":{"start":{"line":74,"column":60},"end":{"line":74,"column":77}},"line":74}},"branchMap":{"0":{"loc":{"start":{"line":27,"column":4},"end":{"line":33,"column":null}},"type":"if","locations":[{"start":{"line":27,"column":4},"end":{"line":33,"column":null}},{"start":{"line":29,"column":11},"end":{"line":33,"column":null}}],"line":27},"1":{"loc":{"start":{"line":37,"column":2},"end":{"line":37,"column":null}},"type":"if","locations":[{"start":{"line":37,"column":2},"end":{"line":37,"column":null}},{"start":{},"end":{}}],"line":37}},"s":{"0":2,"1":2,"2":9,"3":9,"4":9,"5":30,"6":9,"7":9,"8":6,"9":6,"10":6,"11":6,"12":5,"13":5,"14":1,"15":1,"16":9,"17":9,"18":0,"19":9,"20":0,"21":0,"22":6},"f":{"0":9,"1":30,"2":6,"3":5,"4":0,"5":0,"6":6},"b":{"0":[5,1],"1":[0,9]},"meta":{"lastBranch":2,"lastFunction":7,"lastStatement":23,"seen":{"s:7:18:14:Infinity":0,"s:16:13:81:Infinity":1,"f:16:13:16:47":0,"s:17:21:17:Infinity":2,"s:18:18:18:Infinity":3,"s:19:8:19:Infinity":4,"f:19:25:19:43":1,"s:19:52:19:72":5,"s:20:8:20:Infinity":6,"s:22:23:34:Infinity":7,"f:22:23:22:30":2,"s:23:16:23:Infinity":8,"s:24:23:24:Infinity":9,"s:25:4:25:Infinity":10,"b:27:4:33:Infinity:29:11:33:Infinity":0,"s:27:4:33:Infinity":11,"s:28:6:28:Infinity":12,"f:28:6:28:20":3,"s:28:28:28:36":13,"s:31:6:31:Infinity":14,"s:32:6:32:Infinity":15,"s:36:19:36:Infinity":16,"b:37:2:37:Infinity:undefined:undefined:undefined:undefined":1,"s:37:2:37:Infinity":17,"s:37:17:37:Infinity":18,"s:39:2:79:Infinity":19,"f:72:45:72:60":4,"s:72:60:72:77":20,"f:73:45:73:60":5,"s:73:60:73:79":21,"f:74:45:74:60":6,"s:74:60:74:77":22}}}
,"C:\\Users\\kesha\\.gemini\\antigravity\\scratch\\uncertainty\\src\\pages\\Dashboard.tsx": {"path":"C:\\Users\\kesha\\.gemini\\antigravity\\scratch\\uncertainty\\src\\pages\\Dashboard.tsx","statementMap":{"0":{"start":{"line":7,"column":13},"end":{"line":63,"column":null}},"1":{"start":{"line":8,"column":8},"end":{"line":8,"column":null}},"2":{"start":{"line":8,"column":52},"end":{"line":8,"column":70}},"3":{"start":{"line":9,"column":8},"end":{"line":9,"column":null}},"4":{"start":{"line":9,"column":54},"end":{"line":9,"column":76}},"5":{"start":{"line":10,"column":8},"end":{"line":10,"column":null}},"6":{"start":{"line":10,"column":57},"end":{"line":10,"column":82}},"7":{"start":{"line":11,"column":8},"end":{"line":11,"column":null}},"8":{"start":{"line":11,"column":47},"end":{"line":11,"column":71}},"9":{"start":{"line":13,"column":2},"end":{"line":61,"column":null}}},"fnMap":{"0":{"name":"(anonymous_0)","decl":{"start":{"line":7,"column":13},"end":{"line":7,"column":41}},"loc":{"start":{"line":7,"column":41},"end":{"line":63,"column":null}},"line":7},"1":{"name":"(anonymous_1)","decl":{"start":{"line":8,"column":23},"end":{"line":8,"column":42}},"loc":{"start":{"line":8,"column":52},"end":{"line":8,"column":70}},"line":8},"2":{"name":"(anonymous_2)","decl":{"start":{"line":9,"column":25},"end":{"line":9,"column":44}},"loc":{"start":{"line":9,"column":54},"end":{"line":9,"column":76}},"line":9},"3":{"name":"(anonymous_3)","decl":{"start":{"line":10,"column":30},"end":{"line":10,"column":48}},"loc":{"start":{"line":10,"column":57},"end":{"line":10,"column":82}},"line":10},"4":{"name":"(anonymous_4)","decl":{"start":{"line":11,"column":20},"end":{"line":11,"column":38}},"loc":{"start":{"line":11,"column":47},"end":{"line":11,"column":71}},"line":11}},"branchMap":{"0":{"loc":{"start":{"line":17,"column":9},"end":{"line":20,"column":null}},"type":"binary-expr","locations":[{"start":{"line":17,"column":9},"end":{"line":17,"column":null}},{"start":{"line":18,"column":10},"end":{"line":20,"column":null}}],"line":17},"1":{"loc":{"start":{"line":34,"column":61},"end":{"line":34,"column":null}},"type":"cond-expr","locations":[{"start":{"line":34,"column":82},"end":{"line":34,"column":97}},{"start":{"line":34,"column":97},"end":{"line":34,"column":null}}],"line":34},"2":{"loc":{"start":{"line":34,"column":97},"end":{"line":34,"column":null}},"type":"cond-expr","locations":[{"start":{"line":34,"column":118},"end":{"line":34,"column":134}},{"start":{"line":34,"column":134},"end":{"line":34,"column":null}}],"line":34},"3":{"loc":{"start":{"line":34,"column":134},"end":{"line":34,"column":null}},"type":"cond-expr","locations":[{"start":{"line":34,"column":155},"end":{"line":34,"column":173}},{"start":{"line":34,"column":173},"end":{"line":34,"column":null}}],"line":34},"4":{"loc":{"start":{"line":35,"column":13},"end":{"line":35,"column":null}},"type":"cond-expr","locations":[{"start":{"line":35,"column":34},"end":{"line":35,"column":49}},{"start":{"line":35,"column":49},"end":{"line":35,"column":null}}],"line":35},"5":{"loc":{"start":{"line":35,"column":49},"end":{"line":35,"column":null}},"type":"cond-expr","locations":[{"start":{"line":35,"column":70},"end":{"line":35,"column":86}},{"start":{"line":35,"column":86},"end":{"line":35,"column":null}}],"line":35},"6":{"loc":{"start":{"line":35,"column":86},"end":{"line":35,"column":null}},"type":"cond-expr","locations":[{"start":{"line":35,"column":107},"end":{"line":35,"column":125}},{"start":{"line":35,"column":125},"end":{"line":35,"column":null}}],"line":35},"7":{"loc":{"start":{"line":51,"column":13},"end":{"line":56,"column":null}},"type":"cond-expr","locations":[{"start":{"line":52,"column":14},"end":{"line":53,"column":null}},{"start":{"line":53,"column":16},"end":{"line":56,"column":null}}],"line":51},"8":{"loc":{"start":{"line":53,"column":16},"end":{"line":56,"column":null}},"type":"cond-expr","locations":[{"start":{"line":54,"column":14},"end":{"line":56,"column":15}},{"start":{"line":56,"column":14},"end":{"line":56,"column":null}}],"line":53}},"s":{"0":2,"1":2,"2":6,"3":2,"4":6,"5":2,"6":6,"7":2,"8":6,"9":2},"f":{"0":2,"1":6,"2":6,"3":6,"4":6},"b":{"0":[2,2],"1":[2,0],"2":[0,0],"3":[0,0],"4":[2,0],"5":[0,0],"6":[0,0],"7":[0,2],"8":[0,2]},"meta":{"lastBranch":9,"lastFunction":5,"lastStatement":10,"seen":{"s:7:13:63:Infinity":0,"f:7:13:7:41":0,"s:8:8:8:Infinity":1,"f:8:23:8:42":1,"s:8:52:8:70":2,"s:9:8:9:Infinity":3,"f:9:25:9:44":2,"s:9:54:9:76":4,"s:10:8:10:Infinity":5,"f:10:30:10:48":3,"s:10:57:10:82":6,"s:11:8:11:Infinity":7,"f:11:20:11:38":4,"s:11:47:11:71":8,"s:13:2:61:Infinity":9,"b:17:9:17:Infinity:18:10:20:Infinity":0,"b:34:82:34:97:34:97:34:Infinity":1,"b:34:118:34:134:34:134:34:Infinity":2,"b:34:155:34:173:34:173:34:Infinity":3,"b:35:34:35:49:35:49:35:Infinity":4,"b:35:70:35:86:35:86:35:Infinity":5,"b:35:107:35:125:35:125:35:Infinity":6,"b:52:14:53:Infinity:53:16:56:Infinity":7,"b:54:14:56:15:56:14:56:Infinity":8}}}
,"C:\\Users\\kesha\\.gemini\\antigravity\\scratch\\uncertainty\\src\\pages\\LandingPage.tsx": {"path":"C:\\Users\\kesha\\.gemini\\antigravity\\scratch\\uncertainty\\src\\pages\\LandingPage.tsx","statementMap":{"0":{"start":{"line":6,"column":13},"end":{"line":95,"column":null}},"1":{"start":{"line":7,"column":8},"end":{"line":7,"column":null}},"2":{"start":{"line":9,"column":2},"end":{"line":93,"column":null}},"3":{"start":{"line":44,"column":29},"end":{"line":44,"column":null}}},"fnMap":{"0":{"name":"(anonymous_0)","decl":{"start":{"line":6,"column":13},"end":{"line":6,"column":43}},"loc":{"start":{"line":6,"column":43},"end":{"line":95,"column":null}},"line":6},"1":{"name":"(anonymous_1)","decl":{"start":{"line":44,"column":14},"end":{"line":44,"column":29}},"loc":{"start":{"line":44,"column":29},"end":{"line":44,"column":null}},"line":44}},"branchMap":{},"s":{"0":2,"1":4,"2":4,"3":0},"f":{"0":4,"1":0},"b":{},"meta":{"lastBranch":0,"lastFunction":2,"lastStatement":4,"seen":{"s:6:13:95:Infinity":0,"f:6:13:6:43":0,"s:7:8:7:Infinity":1,"s:9:2:93:Infinity":2,"f:44:14:44:29":1,"s:44:29:44:Infinity":3}}}
,"C:\\Users\\kesha\\.gemini\\antigravity\\scratch\\uncertainty\\src\\pages\\Timeline.tsx": {"path":"C:\\Users\\kesha\\.gemini\\antigravity\\scratch\\uncertainty\\src\\pages\\Timeline.tsx","statementMap":{"0":{"start":{"line":5,"column":13},"end":{"line":31,"column":null}},"1":{"start":{"line":6,"column":8},"end":{"line":6,"column":null}},"2":{"start":{"line":6,"column":45},"end":{"line":6,"column":58}},"3":{"start":{"line":8,"column":2},"end":{"line":29,"column":null}},"4":{"start":{"line":21,"column":14},"end":{"line":24,"column":null}}},"fnMap":{"0":{"name":"(anonymous_0)","decl":{"start":{"line":5,"column":13},"end":{"line":5,"column":40}},"loc":{"start":{"line":5,"column":40},"end":{"line":31,"column":null}},"line":5},"1":{"name":"(anonymous_1)","decl":{"start":{"line":6,"column":18},"end":{"line":6,"column":36}},"loc":{"start":{"line":6,"column":45},"end":{"line":6,"column":58}},"line":6},"2":{"name":"(anonymous_2)","decl":{"start":{"line":20,"column":21},"end":{"line":20,"column":26}},"loc":{"start":{"line":21,"column":14},"end":{"line":24,"column":null}},"line":21}},"branchMap":{"0":{"loc":{"start":{"line":16,"column":9},"end":{"line":28,"column":null}},"type":"cond-expr","locations":[{"start":{"line":17,"column":10},"end":{"line":19,"column":11}},{"start":{"line":19,"column":10},"end":{"line":28,"column":null}}],"line":16}},"s":{"0":2,"1":1,"2":3,"3":1,"4":0},"f":{"0":1,"1":3,"2":0},"b":{"0":[1,0]},"meta":{"lastBranch":1,"lastFunction":3,"lastStatement":5,"seen":{"s:5:13:31:Infinity":0,"f:5:13:5:40":0,"s:6:8:6:Infinity":1,"f:6:18:6:36":1,"s:6:45:6:58":2,"s:8:2:29:Infinity":3,"b:17:10:19:11:19:10:28:Infinity":0,"f:20:21:20:26":2,"s:21:14:24:Infinity":4}}}
,"C:\\Users\\kesha\\.gemini\\antigravity\\scratch\\uncertainty\\src\\store\\useCertaintyStore.ts": {"path":"C:\\Users\\kesha\\.gemini\\antigravity\\scratch\\uncertainty\\src\\store\\useCertaintyStore.ts","statementMap":{"0":{"start":{"line":30,"column":6},"end":{"line":49,"column":null}},"1":{"start":{"line":31,"column":18},"end":{"line":38,"column":null}},"2":{"start":{"line":41,"column":5},"end":{"line":46,"column":null}},"3":{"start":{"line":48,"column":2},"end":{"line":48,"column":null}},"4":{"start":{"line":51,"column":6},"end":{"line":51,"column":null}},"5":{"start":{"line":51,"column":29},"end":{"line":51,"column":null}},"6":{"start":{"line":53,"column":13},"end":{"line":104,"column":null}},"7":{"start":{"line":55,"column":19},"end":{"line":99,"column":null}},"8":{"start":{"line":61,"column":22},"end":{"line":61,"column":null}},"9":{"start":{"line":62,"column":8},"end":{"line":62,"column":null}},"10":{"start":{"line":62,"column":41},"end":{"line":62,"column":59}},"11":{"start":{"line":66,"column":24},"end":{"line":66,"column":null}},"12":{"start":{"line":67,"column":8},"end":{"line":67,"column":null}},"13":{"start":{"line":67,"column":34},"end":{"line":67,"column":null}},"14":{"start":{"line":68,"column":8},"end":{"line":68,"column":null}},"15":{"start":{"line":72,"column":25},"end":{"line":72,"column":null}},"16":{"start":{"line":73,"column":22},"end":{"line":73,"column":null}},"17":{"start":{"line":76,"column":8},"end":{"line":83,"column":null}},"18":{"start":{"line":77,"column":34},"end":{"line":77,"column":null}},"19":{"start":{"line":77,"column":62},"end":{"line":77,"column":80}},"20":{"start":{"line":78,"column":10},"end":{"line":82,"column":null}},"21":{"start":{"line":81,"column":100},"end":{"line":81,"column":128}},"22":{"start":{"line":86,"column":24},"end":{"line":86,"column":null}},"23":{"start":{"line":89,"column":8},"end":{"line":97,"column":null}},"24":{"start":{"line":90,"column":33},"end":{"line":92,"column":null}},"25":{"start":{"line":91,"column":12},"end":{"line":91,"column":null}},"26":{"start":{"line":93,"column":10},"end":{"line":96,"column":null}}},"fnMap":{"0":{"name":"(anonymous_0)","decl":{"start":{"line":30,"column":6},"end":{"line":30,"column":24}},"loc":{"start":{"line":30,"column":56},"end":{"line":49,"column":null}},"line":30},"1":{"name":"(anonymous_1)","decl":{"start":{"line":51,"column":6},"end":{"line":51,"column":29}},"loc":{"start":{"line":51,"column":29},"end":{"line":51,"column":null}},"line":51},"2":{"name":"(anonymous_2)","decl":{"start":{"line":54,"column":2},"end":{"line":54,"column":null}},"loc":{"start":{"line":55,"column":19},"end":{"line":99,"column":null}},"line":55},"3":{"name":"(anonymous_3)","decl":{"start":{"line":60,"column":6},"end":{"line":60,"column":28}},"loc":{"start":{"line":60,"column":28},"end":{"line":63,"column":null}},"line":60},"4":{"name":"(anonymous_4)","decl":{"start":{"line":62,"column":29},"end":{"line":62,"column":34}},"loc":{"start":{"line":62,"column":41},"end":{"line":62,"column":59}},"line":62},"5":{"name":"(anonymous_5)","decl":{"start":{"line":65,"column":6},"end":{"line":65,"column":30}},"loc":{"start":{"line":65,"column":30},"end":{"line":69,"column":null}},"line":65},"6":{"name":"(anonymous_6)","decl":{"start":{"line":71,"column":22},"end":{"line":71,"column":29}},"loc":{"start":{"line":71,"column":53},"end":{"line":98,"column":null}},"line":71},"7":{"name":"(anonymous_7)","decl":{"start":{"line":76,"column":8},"end":{"line":76,"column":13}},"loc":{"start":{"line":76,"column":23},"end":{"line":83,"column":9}},"line":76},"8":{"name":"(anonymous_8)","decl":{"start":{"line":77,"column":48},"end":{"line":77,"column":55}},"loc":{"start":{"line":77,"column":62},"end":{"line":77,"column":80}},"line":77},"9":{"name":"(anonymous_9)","decl":{"start":{"line":81,"column":85},"end":{"line":81,"column":91}},"loc":{"start":{"line":81,"column":100},"end":{"line":81,"column":128}},"line":81},"10":{"name":"(anonymous_10)","decl":{"start":{"line":89,"column":8},"end":{"line":89,"column":13}},"loc":{"start":{"line":89,"column":23},"end":{"line":97,"column":9}},"line":89},"11":{"name":"(anonymous_11)","decl":{"start":{"line":90,"column":47},"end":{"line":90,"column":51}},"loc":{"start":{"line":91,"column":12},"end":{"line":91,"column":null}},"line":91}},"branchMap":{"0":{"loc":{"start":{"line":67,"column":8},"end":{"line":67,"column":null}},"type":"if","locations":[{"start":{"line":67,"column":8},"end":{"line":67,"column":null}},{"start":{},"end":{}}],"line":67},"1":{"loc":{"start":{"line":68,"column":15},"end":{"line":68,"column":null}},"type":"binary-expr","locations":[{"start":{"line":68,"column":15},"end":{"line":68,"column":56}},{"start":{"line":68,"column":56},"end":{"line":68,"column":null}}],"line":68},"2":{"loc":{"start":{"line":91,"column":12},"end":{"line":91,"column":null}},"type":"cond-expr","locations":[{"start":{"line":91,"column":33},"end":{"line":91,"column":66}},{"start":{"line":91,"column":66},"end":{"line":91,"column":null}}],"line":91}},"s":{"0":5,"1":4,"2":4,"3":4,"4":5,"5":12,"6":5,"7":5,"8":8,"9":8,"10":1,"11":6,"12":6,"13":6,"14":0,"15":4,"16":4,"17":4,"18":4,"19":0,"20":4,"21":0,"22":4,"23":4,"24":4,"25":4,"26":4},"f":{"0":4,"1":12,"2":5,"3":8,"4":1,"5":6,"6":4,"7":4,"8":0,"9":0,"10":4,"11":4},"b":{"0":[6,0],"1":[0,0],"2":[4,0]},"meta":{"lastBranch":3,"lastFunction":12,"lastStatement":27,"seen":{"s:30:6:49:Infinity":0,"f:30:6:30:24":0,"s:31:18:38:Infinity":1,"s:41:5:46:Infinity":2,"s:48:2:48:Infinity":3,"s:51:6:51:Infinity":4,"f:51:6:51:29":1,"s:51:29:51:Infinity":5,"s:53:13:104:Infinity":6,"f:54:2:54:Infinity":2,"s:55:19:99:Infinity":7,"f:60:6:60:28":3,"s:61:22:61:Infinity":8,"s:62:8:62:Infinity":9,"f:62:29:62:34":4,"s:62:41:62:59":10,"f:65:6:65:30":5,"s:66:24:66:Infinity":11,"b:67:8:67:Infinity:undefined:undefined:undefined:undefined":0,"s:67:8:67:Infinity":12,"s:67:34:67:Infinity":13,"s:68:8:68:Infinity":14,"b:68:15:68:56:68:56:68:Infinity":1,"f:71:22:71:29":6,"s:72:25:72:Infinity":15,"s:73:22:73:Infinity":16,"s:76:8:83:Infinity":17,"f:76:8:76:13":7,"s:77:34:77:Infinity":18,"f:77:48:77:55":8,"s:77:62:77:80":19,"s:78:10:82:Infinity":20,"f:81:85:81:91":9,"s:81:100:81:128":21,"s:86:24:86:Infinity":22,"s:89:8:97:Infinity":23,"f:89:8:89:13":10,"s:90:33:92:Infinity":24,"f:90:47:90:51":11,"s:91:12:91:Infinity":25,"b:91:33:91:66:91:66:91:Infinity":2,"s:93:10:96:Infinity":26}}}
}
